Using TensorFlow backend.
WARNING:tensorflow:From /work/akanane/sw/keras/20200215-sklearn/lib/python3.7/site-packages/keras/backend/tensorflow_backend.py:74: The name tf.get_default_graph is deprecated. Please use tf.compat.v1.get_default_graph instead.

WARNING:tensorflow:From /work/akanane/sw/keras/20200215-sklearn/lib/python3.7/site-packages/keras/backend/tensorflow_backend.py:517: The name tf.placeholder is deprecated. Please use tf.compat.v1.placeholder instead.

WARNING:tensorflow:From /work/akanane/sw/keras/20200215-sklearn/lib/python3.7/site-packages/keras/backend/tensorflow_backend.py:4138: The name tf.random_uniform is deprecated. Please use tf.random.uniform instead.

WARNING:tensorflow:From /work/akanane/sw/keras/20200215-sklearn/lib/python3.7/site-packages/keras/optimizers.py:790: The name tf.train.Optimizer is deprecated. Please use tf.compat.v1.train.Optimizer instead.

WARNING:tensorflow:From /work/akanane/sw/keras/20200215-sklearn/lib/python3.7/site-packages/keras/backend/tensorflow_backend.py:986: The name tf.assign_add is deprecated. Please use tf.compat.v1.assign_add instead.

WARNING:tensorflow:From /work/akanane/sw/keras/20200215-sklearn/lib/python3.7/site-packages/keras/backend/tensorflow_backend.py:973: The name tf.assign is deprecated. Please use tf.compat.v1.assign instead.

WARNING:tensorflow:From /work/akanane/sw/keras/20200215-sklearn/lib/python3.7/site-packages/keras/backend/tensorflow_backend.py:2741: The name tf.Session is deprecated. Please use tf.compat.v1.Session instead.

WARNING:tensorflow:From /work/akanane/sw/keras/20200215-sklearn/lib/python3.7/site-packages/keras/backend/tensorflow_backend.py:174: The name tf.get_default_session is deprecated. Please use tf.compat.v1.get_default_session instead.

WARNING:tensorflow:From /work/akanane/sw/keras/20200215-sklearn/lib/python3.7/site-packages/keras/backend/tensorflow_backend.py:184: The name tf.ConfigProto is deprecated. Please use tf.compat.v1.ConfigProto instead.

2020-10-05 22:12:14.393991: I tensorflow/core/platform/cpu_feature_guard.cc:145] This TensorFlow binary is optimized with Intel(R) MKL-DNN to use the following CPU instructions in performance critical operations:  SSE4.1 SSE4.2 AVX AVX2 AVX512F FMA
To enable them in non-MKL-DNN operations, rebuild TensorFlow with the appropriate compiler flags.
2020-10-05 22:12:14.420775: I tensorflow/core/platform/profile_utils/cpu_utils.cc:94] CPU Frequency: 2100000000 Hz
2020-10-05 22:12:14.424876: I tensorflow/compiler/xla/service/service.cc:168] XLA service 0x5595b7b364d0 initialized for platform Host (this does not guarantee that XLA will be used). Devices:
2020-10-05 22:12:14.424932: I tensorflow/compiler/xla/service/service.cc:176]   StreamExecutor device (0): Host, Default Version
OMP: Info #154: KMP_AFFINITY: Initial OS proc set respected: 0-39
OMP: Info #213: KMP_AFFINITY: decoding x2APIC ids.
OMP: Info #276: KMP_AFFINITY: Affinity capable, using global cpuid leaf 11 info
OMP: Info #156: KMP_AFFINITY: 40 available OS procs
OMP: Info #157: KMP_AFFINITY: Uniform topology
OMP: Info #191: KMP_AFFINITY: 2 sockets x 20 cores/socket x 1 thread/core (40 total cores)
OMP: Info #215: KMP_AFFINITY: OS proc to physical thread map:
OMP: Info #171: KMP_AFFINITY: OS proc 0 maps to socket 0 core 0 
OMP: Info #171: KMP_AFFINITY: OS proc 1 maps to socket 0 core 1 
OMP: Info #171: KMP_AFFINITY: OS proc 2 maps to socket 0 core 2 
OMP: Info #171: KMP_AFFINITY: OS proc 3 maps to socket 0 core 3 
OMP: Info #171: KMP_AFFINITY: OS proc 4 maps to socket 0 core 4 
OMP: Info #171: KMP_AFFINITY: OS proc 5 maps to socket 0 core 8 
OMP: Info #171: KMP_AFFINITY: OS proc 6 maps to socket 0 core 9 
OMP: Info #171: KMP_AFFINITY: OS proc 7 maps to socket 0 core 10 
OMP: Info #171: KMP_AFFINITY: OS proc 8 maps to socket 0 core 11 
OMP: Info #171: KMP_AFFINITY: OS proc 9 maps to socket 0 core 12 
OMP: Info #171: KMP_AFFINITY: OS proc 10 maps to socket 0 core 16 
OMP: Info #171: KMP_AFFINITY: OS proc 11 maps to socket 0 core 17 
OMP: Info #171: KMP_AFFINITY: OS proc 12 maps to socket 0 core 18 
OMP: Info #171: KMP_AFFINITY: OS proc 13 maps to socket 0 core 19 
OMP: Info #171: KMP_AFFINITY: OS proc 14 maps to socket 0 core 20 
OMP: Info #171: KMP_AFFINITY: OS proc 15 maps to socket 0 core 24 
OMP: Info #171: KMP_AFFINITY: OS proc 16 maps to socket 0 core 25 
OMP: Info #171: KMP_AFFINITY: OS proc 17 maps to socket 0 core 26 
OMP: Info #171: KMP_AFFINITY: OS proc 18 maps to socket 0 core 27 
OMP: Info #171: KMP_AFFINITY: OS proc 19 maps to socket 0 core 28 
OMP: Info #171: KMP_AFFINITY: OS proc 20 maps to socket 1 core 0 
OMP: Info #171: KMP_AFFINITY: OS proc 21 maps to socket 1 core 1 
OMP: Info #171: KMP_AFFINITY: OS proc 22 maps to socket 1 core 2 
OMP: Info #171: KMP_AFFINITY: OS proc 23 maps to socket 1 core 3 
OMP: Info #171: KMP_AFFINITY: OS proc 24 maps to socket 1 core 4 
OMP: Info #171: KMP_AFFINITY: OS proc 25 maps to socket 1 core 8 
OMP: Info #171: KMP_AFFINITY: OS proc 26 maps to socket 1 core 9 
OMP: Info #171: KMP_AFFINITY: OS proc 27 maps to socket 1 core 10 
OMP: Info #171: KMP_AFFINITY: OS proc 28 maps to socket 1 core 11 
OMP: Info #171: KMP_AFFINITY: OS proc 29 maps to socket 1 core 12 
OMP: Info #171: KMP_AFFINITY: OS proc 30 maps to socket 1 core 16 
OMP: Info #171: KMP_AFFINITY: OS proc 31 maps to socket 1 core 17 
OMP: Info #171: KMP_AFFINITY: OS proc 32 maps to socket 1 core 18 
OMP: Info #171: KMP_AFFINITY: OS proc 33 maps to socket 1 core 19 
OMP: Info #171: KMP_AFFINITY: OS proc 34 maps to socket 1 core 20 
OMP: Info #171: KMP_AFFINITY: OS proc 35 maps to socket 1 core 24 
OMP: Info #171: KMP_AFFINITY: OS proc 36 maps to socket 1 core 25 
OMP: Info #171: KMP_AFFINITY: OS proc 37 maps to socket 1 core 26 
OMP: Info #171: KMP_AFFINITY: OS proc 38 maps to socket 1 core 27 
OMP: Info #171: KMP_AFFINITY: OS proc 39 maps to socket 1 core 28 
OMP: Info #251: KMP_AFFINITY: pid 391233 tid 391233 thread 0 bound to OS proc set 0
2020-10-05 22:12:14.430879: I tensorflow/core/common_runtime/process_util.cc:115] Creating new thread pool with default inter op setting: 2. Tune using inter_op_parallelism_threads for best performance.
WARNING:tensorflow:From /work/akanane/sw/keras/20200215-sklearn/lib/python3.7/site-packages/keras/backend/tensorflow_backend.py:190: The name tf.global_variables is deprecated. Please use tf.compat.v1.global_variables instead.

WARNING:tensorflow:From /work/akanane/sw/keras/20200215-sklearn/lib/python3.7/site-packages/keras/backend/tensorflow_backend.py:199: The name tf.is_variable_initialized is deprecated. Please use tf.compat.v1.is_variable_initialized instead.

WARNING:tensorflow:From /work/akanane/sw/keras/20200215-sklearn/lib/python3.7/site-packages/keras/backend/tensorflow_backend.py:206: The name tf.variables_initializer is deprecated. Please use tf.compat.v1.variables_initializer instead.

OMP: Info #251: KMP_AFFINITY: pid 391233 tid 391545 thread 1 bound to OS proc set 20
OMP: Info #251: KMP_AFFINITY: pid 391233 tid 391548 thread 2 bound to OS proc set 1
OMP: Info #251: KMP_AFFINITY: pid 391233 tid 391549 thread 3 bound to OS proc set 21
OMP: Info #251: KMP_AFFINITY: pid 391233 tid 391550 thread 4 bound to OS proc set 2
OMP: Info #251: KMP_AFFINITY: pid 391233 tid 391552 thread 6 bound to OS proc set 3
OMP: Info #251: KMP_AFFINITY: pid 391233 tid 391551 thread 5 bound to OS proc set 22
OMP: Info #251: KMP_AFFINITY: pid 391233 tid 391553 thread 7 bound to OS proc set 23
OMP: Info #251: KMP_AFFINITY: pid 391233 tid 391555 thread 9 bound to OS proc set 24
OMP: Info #251: KMP_AFFINITY: pid 391233 tid 391554 thread 8 bound to OS proc set 4
OMP: Info #251: KMP_AFFINITY: pid 391233 tid 391556 thread 10 bound to OS proc set 5
OMP: Info #251: KMP_AFFINITY: pid 391233 tid 391557 thread 11 bound to OS proc set 25
OMP: Info #251: KMP_AFFINITY: pid 391233 tid 391558 thread 12 bound to OS proc set 6
OMP: Info #251: KMP_AFFINITY: pid 391233 tid 391559 thread 13 bound to OS proc set 26
OMP: Info #251: KMP_AFFINITY: pid 391233 tid 391560 thread 14 bound to OS proc set 7
OMP: Info #251: KMP_AFFINITY: pid 391233 tid 391561 thread 15 bound to OS proc set 27
OMP: Info #251: KMP_AFFINITY: pid 391233 tid 391562 thread 16 bound to OS proc set 8
OMP: Info #251: KMP_AFFINITY: pid 391233 tid 391563 thread 17 bound to OS proc set 28
OMP: Info #251: KMP_AFFINITY: pid 391233 tid 391564 thread 18 bound to OS proc set 9
OMP: Info #251: KMP_AFFINITY: pid 391233 tid 391565 thread 19 bound to OS proc set 29
OMP: Info #251: KMP_AFFINITY: pid 391233 tid 391566 thread 20 bound to OS proc set 10
OMP: Info #251: KMP_AFFINITY: pid 391233 tid 391567 thread 21 bound to OS proc set 30
OMP: Info #251: KMP_AFFINITY: pid 391233 tid 391570 thread 24 bound to OS proc set 12
OMP: Info #251: KMP_AFFINITY: pid 391233 tid 391568 thread 22 bound to OS proc set 11
OMP: Info #251: KMP_AFFINITY: pid 391233 tid 391569 thread 23 bound to OS proc set 31
OMP: Info #251: KMP_AFFINITY: pid 391233 tid 391571 thread 25 bound to OS proc set 32
OMP: Info #251: KMP_AFFINITY: pid 391233 tid 391572 thread 26 bound to OS proc set 13
OMP: Info #251: KMP_AFFINITY: pid 391233 tid 391573 thread 27 bound to OS proc set 33
OMP: Info #251: KMP_AFFINITY: pid 391233 tid 391574 thread 28 bound to OS proc set 14
OMP: Info #251: KMP_AFFINITY: pid 391233 tid 391575 thread 29 bound to OS proc set 34
OMP: Info #251: KMP_AFFINITY: pid 391233 tid 391576 thread 30 bound to OS proc set 15
OMP: Info #251: KMP_AFFINITY: pid 391233 tid 391577 thread 31 bound to OS proc set 35
OMP: Info #251: KMP_AFFINITY: pid 391233 tid 391578 thread 32 bound to OS proc set 16
OMP: Info #251: KMP_AFFINITY: pid 391233 tid 391579 thread 33 bound to OS proc set 36
OMP: Info #251: KMP_AFFINITY: pid 391233 tid 391580 thread 34 bound to OS proc set 17
OMP: Info #251: KMP_AFFINITY: pid 391233 tid 391581 thread 35 bound to OS proc set 37
OMP: Info #251: KMP_AFFINITY: pid 391233 tid 391582 thread 36 bound to OS proc set 18
OMP: Info #251: KMP_AFFINITY: pid 391233 tid 391583 thread 37 bound to OS proc set 38
OMP: Info #251: KMP_AFFINITY: pid 391233 tid 391584 thread 38 bound to OS proc set 19
OMP: Info #251: KMP_AFFINITY: pid 391233 tid 391585 thread 39 bound to OS proc set 39
OMP: Info #251: KMP_AFFINITY: pid 391233 tid 391586 thread 40 bound to OS proc set 0
OMP: Info #251: KMP_AFFINITY: pid 391233 tid 391544 thread 41 bound to OS proc set 20
OMP: Info #251: KMP_AFFINITY: pid 391233 tid 391587 thread 42 bound to OS proc set 1
OMP: Info #251: KMP_AFFINITY: pid 391233 tid 391588 thread 43 bound to OS proc set 21
OMP: Info #251: KMP_AFFINITY: pid 391233 tid 391589 thread 44 bound to OS proc set 2
OMP: Info #251: KMP_AFFINITY: pid 391233 tid 391590 thread 45 bound to OS proc set 22
OMP: Info #251: KMP_AFFINITY: pid 391233 tid 391591 thread 46 bound to OS proc set 3
OMP: Info #251: KMP_AFFINITY: pid 391233 tid 391592 thread 47 bound to OS proc set 23
OMP: Info #251: KMP_AFFINITY: pid 391233 tid 391594 thread 49 bound to OS proc set 24
OMP: Info #251: KMP_AFFINITY: pid 391233 tid 391593 thread 48 bound to OS proc set 4
OMP: Info #251: KMP_AFFINITY: pid 391233 tid 391595 thread 50 bound to OS proc set 5
OMP: Info #251: KMP_AFFINITY: pid 391233 tid 391596 thread 51 bound to OS proc set 25
OMP: Info #251: KMP_AFFINITY: pid 391233 tid 391597 thread 52 bound to OS proc set 6
OMP: Info #251: KMP_AFFINITY: pid 391233 tid 391598 thread 53 bound to OS proc set 26
OMP: Info #251: KMP_AFFINITY: pid 391233 tid 391600 thread 55 bound to OS proc set 27
OMP: Info #251: KMP_AFFINITY: pid 391233 tid 391599 thread 54 bound to OS proc set 7
OMP: Info #251: KMP_AFFINITY: pid 391233 tid 391601 thread 56 bound to OS proc set 8
OMP: Info #251: KMP_AFFINITY: pid 391233 tid 391602 thread 57 bound to OS proc set 28
OMP: Info #251: KMP_AFFINITY: pid 391233 tid 391603 thread 58 bound to OS proc set 9
OMP: Info #251: KMP_AFFINITY: pid 391233 tid 391604 thread 59 bound to OS proc set 29
OMP: Info #251: KMP_AFFINITY: pid 391233 tid 391605 thread 60 bound to OS proc set 10
OMP: Info #251: KMP_AFFINITY: pid 391233 tid 391606 thread 61 bound to OS proc set 30
OMP: Info #251: KMP_AFFINITY: pid 391233 tid 391608 thread 63 bound to OS proc set 31
OMP: Info #251: KMP_AFFINITY: pid 391233 tid 391607 thread 62 bound to OS proc set 11
OMP: Info #251: KMP_AFFINITY: pid 391233 tid 391609 thread 64 bound to OS proc set 12
OMP: Info #251: KMP_AFFINITY: pid 391233 tid 391610 thread 65 bound to OS proc set 32
OMP: Info #251: KMP_AFFINITY: pid 391233 tid 391611 thread 66 bound to OS proc set 13
OMP: Info #251: KMP_AFFINITY: pid 391233 tid 391612 thread 67 bound to OS proc set 33
OMP: Info #251: KMP_AFFINITY: pid 391233 tid 391613 thread 68 bound to OS proc set 14
OMP: Info #251: KMP_AFFINITY: pid 391233 tid 391614 thread 69 bound to OS proc set 34
OMP: Info #251: KMP_AFFINITY: pid 391233 tid 391615 thread 70 bound to OS proc set 15
OMP: Info #251: KMP_AFFINITY: pid 391233 tid 391616 thread 71 bound to OS proc set 35
OMP: Info #251: KMP_AFFINITY: pid 391233 tid 391617 thread 72 bound to OS proc set 16
OMP: Info #251: KMP_AFFINITY: pid 391233 tid 391618 thread 73 bound to OS proc set 36
OMP: Info #251: KMP_AFFINITY: pid 391233 tid 391620 thread 75 bound to OS proc set 37
OMP: Info #251: KMP_AFFINITY: pid 391233 tid 391619 thread 74 bound to OS proc set 17
OMP: Info #251: KMP_AFFINITY: pid 391233 tid 391621 thread 76 bound to OS proc set 18
OMP: Info #251: KMP_AFFINITY: pid 391233 tid 391622 thread 77 bound to OS proc set 38
OMP: Info #251: KMP_AFFINITY: pid 391233 tid 391624 thread 79 bound to OS proc set 39
OMP: Info #251: KMP_AFFINITY: pid 391233 tid 391623 thread 78 bound to OS proc set 19
OMP: Info #251: KMP_AFFINITY: pid 391233 tid 391625 thread 80 bound to OS proc set 0
Traceback (most recent call last):
  File "main.py", line 99, in <module>
    f,((ax1),(ax2)) = plt.subplots(2,1)
NameError: name 'plt' is not defined
